Build started 8/27/2020 3:22:36 PM.
     1>Project "D:\6306021622100\Random\Random\Random.vcxproj" on node 2 (build target(s)).
     1>InitializeBuildStatus:
         Creating "Debug\Random.unsuccessfulbuild" because "AlwaysCreate" was specified.
       ClCompile:
         C:\Program Files (x86)\Microsoft Visual Studio 10.0\VC\bin\CL.exe /c /ZI /nologo /W3 /WX- /Od /Oy- /D WIN32 /D _DEBUG /D _CONSOLE /D _UNICODE /D UNICODE /Gm /EHsc /RTC1 /MDd /GS /fp:precise /Zc:wchar_t /Zc:forScope /Fo"Debug\\" /Fd"Debug\vc100.pdb" /Gd /TP /analyze- /errorReport:prompt Random.cpp
         Random.cpp
     1>d:\6306021622100\random\random\random.cpp(7): warning C4244: 'argument' : conversion from 'time_t' to 'unsigned int', possible loss of data
       ManifestResourceCompile:
         All outputs are up-to-date.
       Link:
         C:\Program Files (x86)\Microsoft Visual Studio 10.0\VC\bin\link.exe /ERRORREPORT:PROMPT /OUT:"D:\6306021622100\Random\Debug\Random.exe" /INCREMENTAL /NOLOGO kernel32.lib user32.lib gdi32.lib winspool.lib comdlg32.lib advapi32.lib shell32.lib ole32.lib oleaut32.lib uuid.lib odbc32.lib odbccp32.lib /MANIFEST /ManifestFile:"Debug\Random.exe.intermediate.manifest" /MANIFESTUAC:"level='asInvoker' uiAccess='false'" /DEBUG /PDB:"D:\6306021622100\Random\Debug\Random.pdb" /SUBSYSTEM:CONSOLE /TLBID:1 /DYNAMICBASE /NXCOMPAT /IMPLIB:"D:\6306021622100\Random\Debug\Random.lib" /MACHINE:X86 Debug\Random.exe.embed.manifest.res
         Debug\Random.obj
       Manifest:
         C:\Program Files (x86)\Microsoft SDKs\Windows\v7.0A\bin\mt.exe /nologo /verbose /out:"Debug\Random.exe.embed.manifest" /manifest Debug\Random.exe.intermediate.manifest
         All outputs are up-to-date.
       LinkEmbedManifest:
         All outputs are up-to-date.
         Random.vcxproj -> D:\6306021622100\Random\Debug\Random.exe
       FinalizeBuildStatus:
         Deleting file "Debug\Random.unsuccessfulbuild".
         Touching "Debug\Random.lastbuildstate".
     1>Done Building Project "D:\6306021622100\Random\Random\Random.vcxproj" (build target(s)).

Build succeeded.

Time Elapsed 00:00:00.50
